<?xml version="1.0" encoding="UTF-8"?>
<!-- Generated by org.testng.reporters.JUnitXMLReporter -->
<testsuite hostname="LAPTOP-FUSOQO8M" ignored="0" name="Application Login" tests="4" failures="0" timestamp="17 Jun 2019 19:11:11 GMT" time="0.017" errors="0">
  <testcase name="testB1" time="0.002" classname="com.org.learningmaven.Facebook.TestB"/>
  <testcase name="testB2" time="0.001" classname="com.org.learningmaven.Facebook.TestB"/>
  <testcase name="testB3" time="0.003" classname="com.org.learningmaven.Facebook.TestB"/>
  <testcase name="testB4" time="0.001" classname="com.org.learningmaven.Facebook.TestB"/>
</testsuite> <!-- Application Login -->
