<?xml version="1.0" encoding="UTF-8"?>
<!-- Generated by org.testng.reporters.JUnitXMLReporter -->
<testsuite hostname="LAPTOP-FUSOQO8M" ignored="0" name="Selling Books" tests="4" failures="0" timestamp="17 Jun 2019 19:11:11 GMT" time="0.018" errors="0">
  <testcase name="testC1" time="0.002" classname="com.org.learningmaven.Facebook.TestC"/>
  <testcase name="testC2" time="0.001" classname="com.org.learningmaven.Facebook.TestC"/>
  <testcase name="testC3" time="0.001" classname="com.org.learningmaven.Facebook.TestC"/>
  <testcase name="testC4" time="0.003" classname="com.org.learningmaven.Facebook.TestC"/>
</testsuite> <!-- Selling Books -->
