<?xml version="1.0" encoding="UTF-8"?>
<testng-results skipped="0" failed="1" ignored="0" total="1" passed="0">
  <reporter-output>
  </reporter-output>
  <suite name="Default suite" duration-ms="7292" started-at="2019-06-21T17:45:04Z" finished-at="2019-06-21T17:45:11Z">
    <groups>
    </groups>
    <test name="Default test" duration-ms="7292" started-at="2019-06-21T17:45:04Z" finished-at="2019-06-21T17:45:11Z">
      <class name="com.org.learningmaven.Facebook.TestA">
        <test-method status="FAIL" signature="testA1()[pri:0, instance:com.org.learningmaven.Facebook.TestA@ae45eb6]" name="testA1" duration-ms="7257" started-at="2019-06-21T17:45:04Z" finished-at="2019-06-21T17:45:11Z">
          <exception class="java.lang.AssertionError">
            <message>
              <![CDATA[Locate is not correctsignintext_Xpath]]>
            </message>
            <full-stacktrace>
              <![CDATA[java.lang.AssertionError: Locate is not correctsignintext_Xpath
at org.testng.Assert.fail(Assert.java:96)
at com.org.learningmaven.ReuseTest.BaseLogin.getElement(BaseLogin.java:125)
at com.org.learningmaven.ReuseTest.BaseLogin.verifyText(BaseLogin.java:148)
at com.org.learningmaven.Facebook.TestA.testA1(TestA.java:17)
at sun.reflect.NativeMethodAccessorImpl.invoke0(Native Method)
at sun.reflect.NativeMethodAccessorImpl.invoke(NativeMethodAccessorImpl.java:62)
at sun.reflect.DelegatingMethodAccessorImpl.invoke(DelegatingMethodAccessorImpl.java:43)
at java.lang.reflect.Method.invoke(Method.java:498)
at org.testng.internal.MethodInvocationHelper.invokeMethod(MethodInvocationHelper.java:124)
at org.testng.internal.Invoker.invokeMethod(Invoker.java:583)
at org.testng.internal.Invoker.invokeTestMethod(Invoker.java:719)
at org.testng.internal.Invoker.invokeTestMethods(Invoker.java:989)
at org.testng.internal.TestMethodWorker.invokeTestMethods(TestMethodWorker.java:125)
at org.testng.internal.TestMethodWorker.run(TestMethodWorker.java:109)
at org.testng.TestRunner.privateRun(TestRunner.java:648)
at org.testng.TestRunner.run(TestRunner.java:505)
at org.testng.SuiteRunner.runTest(SuiteRunner.java:455)
at org.testng.SuiteRunner.runSequentially(SuiteRunner.java:450)
at org.testng.SuiteRunner.privateRun(SuiteRunner.java:415)
at org.testng.SuiteRunner.run(SuiteRunner.java:364)
at org.testng.SuiteRunnerWorker.runSuite(SuiteRunnerWorker.java:52)
at org.testng.SuiteRunnerWorker.run(SuiteRunnerWorker.java:84)
at org.testng.TestNG.runSuitesSequentially(TestNG.java:1208)
at org.testng.TestNG.runSuitesLocally(TestNG.java:1137)
at org.testng.TestNG.runSuites(TestNG.java:1049)
at org.testng.TestNG.run(TestNG.java:1017)
at org.testng.remote.AbstractRemoteTestNG.run(AbstractRemoteTestNG.java:115)
at org.testng.remote.RemoteTestNG.initAndRun(RemoteTestNG.java:251)
at org.testng.remote.RemoteTestNG.main(RemoteTestNG.java:77)
]]>
            </full-stacktrace>
          </exception> <!-- java.lang.AssertionError -->
          <reporter-output>
          </reporter-output>
        </test-method> <!-- testA1 -->
      </class> <!-- com.org.learningmaven.Facebook.TestA -->
    </test> <!-- Default test -->
  </suite> <!-- Default suite -->
</testng-results>
